<?xml version="1.0" encoding="UTF-8"?>
<testng-results total="1" passed="0" failed="0" skipped="1">
  <reporter-output>
  </reporter-output>
  <suite started-at="2023-10-21T11:16:14Z" name="test_suite" finished-at="2023-10-21T11:16:17Z" duration-ms="3035">
    <groups>
    </groups>
    <test started-at="2023-10-21T11:16:14Z" name="Some classes" finished-at="2023-10-21T11:16:17Z" duration-ms="3035">
      <class name="testflow.SampleTestClass">
        <test-method is-config="true" signature="driveLunch()[pri:0, instance:testflow.SampleTestClass@7c729a55]" started-at="2023-10-21T16:46:14Z" name="driveLunch" finished-at="2023-10-21T16:46:14Z" duration-ms="0" status="FAIL">
          <exception class="org.openqa.selenium.remote.http.ConnectionFailedException">
            <message>
              <![CDATA[Unable to establish websocket connection to http://localhost:55010/devtools/browser/2cbfb799-543f-4524-afec-6dc383b8c388
Build info: version: '4.0.0-rc-1', revision: 'bc5511cbda'
System info: host: 'GTM', ip: '192.168.1.14', os.name: 'Windows 10', os.arch: 'amd64', os.version: '10.0', java.version: '20.0.2'
Driver info: driver.version: ChromeDriver]]>
            </message>
            <full-stacktrace>
              <![CDATA[org.openqa.selenium.remote.http.ConnectionFailedException: Unable to establish websocket connection to http://localhost:55010/devtools/browser/2cbfb799-543f-4524-afec-6dc383b8c388
Build info: version: '4.0.0-rc-1', revision: 'bc5511cbda'
System info: host: 'GTM', ip: '192.168.1.14', os.name: 'Windows 10', os.arch: 'amd64', os.version: '10.0', java.version: '20.0.2'
Driver info: driver.version: ChromeDriver
	at org.openqa.selenium.remote.http.netty.NettyWebSocket.<init>(NettyWebSocket.java:104)
	at org.openqa.selenium.remote.http.netty.NettyWebSocket.lambda$create$3(NettyWebSocket.java:137)
	at org.openqa.selenium.remote.http.netty.NettyClient.openSocket(NettyClient.java:127)
	at org.openqa.selenium.devtools.Connection.<init>(Connection.java:73)
	at org.openqa.selenium.chromium.ChromiumDriver.lambda$new$1(ChromiumDriver.java:102)
	at java.base/java.util.Optional.map(Optional.java:260)
	at org.openqa.selenium.chromium.ChromiumDriver.<init>(ChromiumDriver.java:100)
	at org.openqa.selenium.chrome.ChromeDriver.<init>(ChromeDriver.java:99)
	at org.openqa.selenium.chrome.ChromeDriver.<init>(ChromeDriver.java:86)
	at org.openqa.selenium.chrome.ChromeDriver.<init>(ChromeDriver.java:41)
	at mainpackage.MainClass.driveLunch(MainClass.java:14)
	at java.base/jdk.internal.reflect.DirectMethodHandleAccessor.invoke(DirectMethodHandleAccessor.java:104)
	at java.base/java.lang.reflect.Method.invoke(Method.java:578)
	at org.testng.internal.MethodInvocationHelper.invokeMethod(MethodInvocationHelper.java:100)
	at org.testng.internal.Invoker.invokeConfigurationMethod(Invoker.java:515)
	at org.testng.internal.Invoker.invokeConfigurations(Invoker.java:216)
	at org.testng.internal.Invoker.invokeConfigurations(Invoker.java:143)
	at org.testng.internal.TestMethodWorker.invokeBeforeClassMethods(TestMethodWorker.java:169)
	at org.testng.internal.TestMethodWorker.run(TestMethodWorker.java:108)
	at org.testng.TestRunner.privateRun(TestRunner.java:753)
	at org.testng.TestRunner.run(TestRunner.java:607)
	at org.testng.SuiteRunner.runTest(SuiteRunner.java:368)
	at org.testng.SuiteRunner.runSequentially(SuiteRunner.java:363)
	at org.testng.SuiteRunner.privateRun(SuiteRunner.java:321)
	at org.testng.SuiteRunner.run(SuiteRunner.java:270)
	at org.testng.SuiteRunnerWorker.runSuite(SuiteRunnerWorker.java:52)
	at org.testng.SuiteRunnerWorker.run(SuiteRunnerWorker.java:86)
	at org.testng.TestNG.runSuitesSequentially(TestNG.java:1284)
	at org.testng.TestNG.runSuitesLocally(TestNG.java:1209)
	at org.testng.TestNG.runSuites(TestNG.java:1124)
	at org.testng.TestNG.run(TestNG.java:1096)
	at org.apache.maven.surefire.testng.TestNGExecutor.run(TestNGExecutor.java:284)
	at org.apache.maven.surefire.testng.TestNGXmlTestSuite.execute(TestNGXmlTestSuite.java:75)
	at org.apache.maven.surefire.testng.TestNGProvider.invoke(TestNGProvider.java:119)
	at org.apache.maven.surefire.booter.ForkedBooter.runSuitesInProcess(ForkedBooter.java:428)
	at org.apache.maven.surefire.booter.ForkedBooter.execute(ForkedBooter.java:162)
	at org.apache.maven.surefire.booter.ForkedBooter.run(ForkedBooter.java:562)
	at org.apache.maven.surefire.booter.ForkedBooter.main(ForkedBooter.java:548)
]]>
            </full-stacktrace>
          </exception> <!-- org.openqa.selenium.remote.http.ConnectionFailedException -->
          <reporter-output>
          </reporter-output>
        </test-method> <!-- driveLunch -->
        <test-method signature="meth1()[pri:0, instance:testflow.SampleTestClass@7c729a55]" started-at="2023-10-21T16:46:17Z" name="meth1" finished-at="2023-10-21T16:46:17Z" duration-ms="2" status="SKIP">
          <reporter-output>
          </reporter-output>
        </test-method> <!-- meth1 -->
        <test-method is-config="true" signature="drivClose()[pri:0, instance:testflow.SampleTestClass@7c729a55]" started-at="2023-10-21T16:46:17Z" name="drivClose" finished-at="2023-10-21T16:46:17Z" duration-ms="0" status="SKIP">
          <reporter-output>
          </reporter-output>
        </test-method> <!-- drivClose -->
      </class> <!-- testflow.SampleTestClass -->
    </test> <!-- Some classes -->
  </suite> <!-- test_suite -->
</testng-results>
